<?xml version="1.0" encoding="UTF-8"?>
<!-- Generated by org.testng.reporters.JUnitXMLReporter -->
<testsuite hostname="LAPTOP-DKDIBLMT" failures="0" tests="5" name="Googledocs test application Functional test " time="100.049" errors="0" timestamp="18 May 2018 05:20:08 GMT">
  <testcase classname="com.googledocs.qa.testcases.GoogledocsFirstPageTest" name="verifyTextUnderEventsTest" time="0.048"/>
  <testcase classname="com.googledocs.qa.testcases.GoogledocsFirstPageTest" name="verifyclickOnGoogleCloudLinkTest" time="3.888"/>
  <testcase classname="com.googledocs.qa.testcases.GoogleCloudPageTest" name="verifyHear3TextTest" time="0.056"/>
  <testcase classname="com.googledocs.qa.testcases.GoogleCloudPageTest" name="verifyclickOnGetUpdatesButton" time="0.14"/>
  <testcase classname="com.googledocs.qa.testcases.GoogleCloudPageTest" name="getUpdatesforUserTest" time="0.917"/>
</testsuite> <!-- Googledocs test application Functional test  -->
